Removed Pin From Net: NetName=VUSB Pin=J6-1
Removed Pin From Net: NetName=D- Pin=J6-2
Removed Pin From Net: NetName=D+ Pin=J6-3
Removed Pin From Net: NetName=GND Pin=J6-5
Removed Pin From Net: NetName=GND Pin=J6-6
Removed Pin From Net: NetName=GND Pin=J6-7
Removed Pin From Net: NetName=GND Pin=J6-8
Removed Pin From Net: NetName=GND Pin=J6-9
Removed Pin From Net: NetName=GND Pin=J6-10
Removed Pin From Net: NetName=GND Pin=J6-11
Removed Member From Class: ClassName=cp2102 Member=J6
Added Component: Designator=J?(0480372200)
Added Pin To Net: NetName=VUSB Pin=J?-1
Added Pin To Net: NetName=D- Pin=J?-2
Added Pin To Net: NetName=D+ Pin=J?-3
Added Pin To Net: NetName=GND Pin=J?-4
Added Pin To Net: NetName=GND Pin=J?-5
Added Pin To Net: NetName=GND Pin=J?-5
Added Pin To Net: NetName=GND Pin=J?-5
Added Pin To Net: NetName=GND Pin=J?-6
Added Member To Class: ClassName=cp2102 Member=Component J? usb A connector plug
