Removed Pin From Net: NetName=GND Pin=C1-2
Removed Pin From Net: NetName=GND Pin=C2-1
Removed Pin From Net: NetName=GND Pin=C3-1
Removed Pin From Net: NetName=3V3 Pin=C3-2
Removed Pin From Net: NetName=GND Pin=C4-1
Removed Pin From Net: NetName=3V3 Pin=C4-2
Removed Pin From Net: NetName=3V3 Pin=C5-1
Removed Pin From Net: NetName=GND Pin=C5-2
Removed Pin From Net: NetName=3V3 Pin=C6-1
Removed Pin From Net: NetName=GND Pin=C6-2
Removed Pin From Net: NetName=3V3 Pin=C7-1
Removed Pin From Net: NetName=GND Pin=C7-2
Removed Pin From Net: NetName=3V3 Pin=C25-1
Removed Pin From Net: NetName=GND Pin=C25-2
Removed Pin From Net: NetName=3V3 Pin=C26-1
Removed Pin From Net: NetName=GND Pin=C26-2
Removed Pin From Net: NetName=UART_RX Pin=J2-1
Removed Pin From Net: NetName=UART_TX Pin=J2-2
Removed Pin From Net: NetName=GND Pin=J2-3
Removed Pin From Net: NetName=GND Pin=J2-4
Removed Pin From Net: NetName=3V3 Pin=J8-3
Removed Pin From Net: NetName=GND Pin=J8-4
Removed Pin From Net: NetName=GND Pin=J8-5
Removed Pin From Net: NetName=GND Pin=J8-6
Removed Pin From Net: NetName=3V3 Pin=R1-1
Removed Pin From Net: NetName=3V3 Pin=R2-1
Removed Pin From Net: NetName=GND Pin=R3-2
Removed Pin From Net: NetName=GND Pin=R4-2
Removed Pin From Net: NetName=GND Pin=R5-2
Removed Pin From Net: NetName=3V3 Pin=U1-1
Removed Pin From Net: NetName=GND Pin=U1-12
Removed Pin From Net: NetName=3V3 Pin=U1-13
Removed Pin From Net: NetName=UART_TX Pin=U1-16
Removed Pin From Net: NetName=UART_RX Pin=U1-17
Removed Pin From Net: NetName=GND Pin=U1-18
Removed Pin From Net: NetName=3V3 Pin=U1-19
Removed Pin From Net: NetName=SPI3_SCK Pin=U1-21
Removed Pin From Net: NetName=SPI3_MISO Pin=U1-22
Removed Pin From Net: NetName=SPI3_MOSI Pin=U1-23
Removed Pin From Net: NetName=MPU_SS Pin=U1-24
Removed Pin From Net: NetName=GND Pin=U1-31
Removed Pin From Net: NetName=3V3 Pin=U1-32
Removed Pin From Net: NetName=NRF_CE Pin=U1-33
Removed Pin From Net: NetName=NRF_SS Pin=U1-34
Removed Pin From Net: NetName=NRF_INT Pin=U1-38
Removed Pin From Net: NetName=MPU_INT Pin=U1-44
Removed Pin From Net: NetName=GND Pin=U1-47
Removed Pin From Net: NetName=3V3 Pin=U1-48
Removed Pin From Net: NetName=GND Pin=U1-60
Removed Pin From Net: NetName=GND Pin=U1-63
Removed Pin From Net: NetName=3V3 Pin=U1-64
