Removed Pin From Net: NetName=V_HV_BATT Pin=Q1-3
Removed Pin From Net: NetName=V_HV_BATT Pin=Q2-3
Removed Pin From Net: NetName=V_HV_BATT Pin=Q3-3
Removed Pin From Net: NetName=EN_HP Pin=Q4-1
Removed Pin From Net: NetName=GND Pin=Q4-2
Removed Pin From Net: NetName=EN_HP Pin=Q5-1
Removed Pin From Net: NetName=GND Pin=Q5-2
Removed Pin From Net: NetName=EN_HP Pin=Q6-1
Removed Pin From Net: NetName=GND Pin=Q6-2
Removed Pin From Net: NetName=V_HV_BATT Pin=R15-1
Removed Pin From Net: NetName=V_HV_BATT Pin=R16-1
Removed Pin From Net: NetName=V_HV_BATT Pin=R20-1
Removed Member From Class: ClassName=power-management Member=Q1
Removed Member From Class: ClassName=power-management Member=Q2
Removed Member From Class: ClassName=power-management Member=Q3
Removed Member From Class: ClassName=power-management Member=Q4
Removed Member From Class: ClassName=power-management Member=Q5
Removed Member From Class: ClassName=power-management Member=Q6
Removed Member From Class: ClassName=power-management Member=R15
Removed Member From Class: ClassName=power-management Member=R16
Removed Member From Class: ClassName=power-management Member=R20
Removed Member From Class: ClassName=power-management Member=R21
Removed Member From Class: ClassName=power-management Member=R22
Removed Member From Class: ClassName=power-management Member=R23
