Change Component Designator: OldDesignator=Q? NewDesignator=Q1
Change Component Designator: OldDesignator=Q? NewDesignator=Q2
Change Component Designator: OldDesignator=Q? NewDesignator=Q3
Change Component Designator: OldDesignator=Q? NewDesignator=Q4
Change Component Designator: OldDesignator=Q? NewDesignator=Q5
Change Component Designator: OldDesignator=Q? NewDesignator=Q6
Change Component Designator: OldDesignator=R? NewDesignator=R15
Change Component Designator: OldDesignator=R? NewDesignator=R16
Change Component Designator: OldDesignator=R? NewDesignator=R20
Change Component Designator: OldDesignator=R? NewDesignator=R21
Change Component Designator: OldDesignator=R? NewDesignator=R22
Change Component Designator: OldDesignator=R? NewDesignator=R23
Change Net Name : Old Net Name=NetQ?_1 New Net Name=NetQ2_1
Change Net Name : Old Net Name=NetQ?_2 New Net Name=NetQ4_2
Change Net Name : Old Net Name=NetQ?_3 New Net Name=NetQ4_3
Added Pin To Net: NetName=NetQ1_1 Pin=Q1-1
Added Pin To Net: NetName=NetQ1_1 Pin=R15-2
Added Pin To Net: NetName=NetQ1_1 Pin=R23-1
Added Net: Name=NetQ1_1
Added Pin To Net: NetName=NetQ3_1 Pin=Q3-1
Added Pin To Net: NetName=NetQ3_1 Pin=R20-2
Added Pin To Net: NetName=NetQ3_1 Pin=R22-1
Added Net: Name=NetQ3_1
Added Pin To Net: NetName=NetQ5_3 Pin=Q5-3
Added Pin To Net: NetName=NetQ5_3 Pin=R21-2
Added Net: Name=NetQ5_3
Added Pin To Net: NetName=NetQ6_3 Pin=Q6-3
Added Pin To Net: NetName=NetQ6_3 Pin=R22-2
Added Net: Name=NetQ6_3
Added Member To Class: ClassName=power-management Member=Component Q1 High power mosfet
Added Member To Class: ClassName=power-management Member=Component Q2 High power mosfet
Added Member To Class: ClassName=power-management Member=Component Q3 High power mosfet
Added Member To Class: ClassName=power-management Member=Component Q4 n-mos low power
Added Member To Class: ClassName=power-management Member=Component Q6 n-mos low power
Added Member To Class: ClassName=power-management Member=Component R16 100k
Added Member To Class: ClassName=power-management Member=Component R20 100k
Added Member To Class: ClassName=power-management Member=Component R21 10k
Added Member To Class: ClassName=power-management Member=Component R22 10k
Added Member To Class: ClassName=power-management Member=Component R23 10k
