Replace Part 0 Ohm R-0-0805 in D:\OcanathProj\PCB\robot-cortex-pcb\power-management.SchDoc with R-0-0805 from robot-cortex.SchLib
Replace Part C17 C-10.0uF-0603 in D:\OcanathProj\PCB\robot-cortex-pcb\power-management.SchDoc with C-10.0uF-0603 from robot-cortex.SchLib
Replace Part C18 C-10.0uF-0603 in D:\OcanathProj\PCB\robot-cortex-pcb\power-management.SchDoc with C-10.0uF-0603 from robot-cortex.SchLib
Replace Part C19 C-10.0uF-0603 in D:\OcanathProj\PCB\robot-cortex-pcb\power-management.SchDoc with C-10.0uF-0603 from robot-cortex.SchLib
Replace Part C20 C-4.7uF-0603 in D:\OcanathProj\PCB\robot-cortex-pcb\power-management.SchDoc with C-4.7uF-0603 from robot-cortex.SchLib
Replace Part C21 C-4.7uF-0603 in D:\OcanathProj\PCB\robot-cortex-pcb\power-management.SchDoc with C-4.7uF-0603 from robot-cortex.SchLib
Replace Part C27 C-10.0uF-0603 in D:\OcanathProj\PCB\robot-cortex-pcb\power-management.SchDoc with C-10.0uF-0603 from robot-cortex.SchLib
Replace Part C28 C0402-100nF in D:\OcanathProj\PCB\robot-cortex-pcb\power-management.SchDoc with C0402-100nF from robot-cortex.SchLib
Replace Part C29 C-10.0uF-0603 in D:\OcanathProj\PCB\robot-cortex-pcb\power-management.SchDoc with C-10.0uF-0603 from robot-cortex.SchLib
Replace Part D1 NSR0530HT1G in D:\OcanathProj\PCB\robot-cortex-pcb\power-management.SchDoc with NSR0530HT1G from robot-cortex.SchLib
Replace Part D2 NSR0530HT1G in D:\OcanathProj\PCB\robot-cortex-pcb\power-management.SchDoc with NSR0530HT1G from robot-cortex.SchLib
Replace Part J7 53261-0271 in D:\OcanathProj\PCB\robot-cortex-pcb\power-management.SchDoc with 53261-0271 from robot-cortex.SchLib
Replace Part L4 DFE322520FD-2R2M=P2 in D:\OcanathProj\PCB\robot-cortex-pcb\power-management.SchDoc with DFE322520FD-2R2M=P2 from robot-cortex.SchLib
Replace Part LED3 LED_ESML0603 in D:\OcanathProj\PCB\robot-cortex-pcb\power-management.SchDoc with LED_ESML0603 from robot-cortex.SchLib
Replace Part LED4 LED_ESML0603 in D:\OcanathProj\PCB\robot-cortex-pcb\power-management.SchDoc with LED_ESML0603 from robot-cortex.SchLib
Replace Part M1 CSD25402Q3A in D:\OcanathProj\PCB\robot-cortex-pcb\power-management.SchDoc with CSD25402Q3A from robot-cortex.SchLib
Replace Part M2 CSD25402Q3A in D:\OcanathProj\PCB\robot-cortex-pcb\power-management.SchDoc with CSD25402Q3A from robot-cortex.SchLib
Replace Part Q1 NDS351N in D:\OcanathProj\PCB\robot-cortex-pcb\power-management.SchDoc with NDS351N from robot-cortex.SchLib
Replace Part R2 R-10k-0402 in D:\OcanathProj\PCB\robot-cortex-pcb\power-management.SchDoc with R-10k-0402 from robot-cortex.SchLib
Replace Part R8 R-100-0402 in D:\OcanathProj\PCB\robot-cortex-pcb\power-management.SchDoc with R-100-0402 from robot-cortex.SchLib
Replace Part R9 R-10k-0402 in D:\OcanathProj\PCB\robot-cortex-pcb\power-management.SchDoc with R-10k-0402 from robot-cortex.SchLib
Replace Part R10 R-10k-0402 in D:\OcanathProj\PCB\robot-cortex-pcb\power-management.SchDoc with R-10k-0402 from robot-cortex.SchLib
Replace Part R11 R-2k-0402 in D:\OcanathProj\PCB\robot-cortex-pcb\power-management.SchDoc with R-2k-0402 from robot-cortex.SchLib
Replace Part R12 R-470-0402 in D:\OcanathProj\PCB\robot-cortex-pcb\power-management.SchDoc with R-470-0402 from robot-cortex.SchLib
Replace Part R13 R-100k-0402 in D:\OcanathProj\PCB\robot-cortex-pcb\power-management.SchDoc with R-100k-0402 from robot-cortex.SchLib
Replace Part R14 R-10k-0402 in D:\OcanathProj\PCB\robot-cortex-pcb\power-management.SchDoc with R-10k-0402 from robot-cortex.SchLib
Replace Part R15 R-10k-0402 in D:\OcanathProj\PCB\robot-cortex-pcb\power-management.SchDoc with R-10k-0402 from robot-cortex.SchLib
Replace Part R16 R-10k-0402 in D:\OcanathProj\PCB\robot-cortex-pcb\power-management.SchDoc with R-10k-0402 from robot-cortex.SchLib
Replace Part R20 R-10k-0402 in D:\OcanathProj\PCB\robot-cortex-pcb\power-management.SchDoc with R-10k-0402 from robot-cortex.SchLib
Replace Part R21 R-470-0402 in D:\OcanathProj\PCB\robot-cortex-pcb\power-management.SchDoc with R-470-0402 from robot-cortex.SchLib
Replace Part SW1 EVQ-P7A01P in D:\OcanathProj\PCB\robot-cortex-pcb\power-management.SchDoc with EVQ-P7A01P from robot-cortex.SchLib
Replace Part U3 TPS63001DRCR in D:\OcanathProj\PCB\robot-cortex-pcb\power-management.SchDoc with TPS63001DRCR from robot-cortex.SchLib
Replace Part U5 MCP73831 in D:\OcanathProj\PCB\robot-cortex-pcb\power-management.SchDoc with MCP73831 from robot-cortex.SchLib
Replace Part U8 SN74LVC1G80DCK in D:\OcanathProj\PCB\robot-cortex-pcb\power-management.SchDoc with SN74LVC1G80DCK from robot-cortex.SchLib
