Replace Part C1 C0402-100nF in D:\OcanathProj\PCB\robot-cortex-pcb\uC.SchDoc with C0402-100nF from robot-cortex.SchLib
Replace Part C2 C-4.7uF-0603 in D:\OcanathProj\PCB\robot-cortex-pcb\uC.SchDoc with C-4.7uF-0603 from robot-cortex.SchLib
Replace Part C3 C-4.7uF-0603 in D:\OcanathProj\PCB\robot-cortex-pcb\uC.SchDoc with C-4.7uF-0603 from robot-cortex.SchLib
Replace Part C4 C-4.7uF-0603 in D:\OcanathProj\PCB\robot-cortex-pcb\uC.SchDoc with C-4.7uF-0603 from robot-cortex.SchLib
Replace Part C5 C0402-100nF in D:\OcanathProj\PCB\robot-cortex-pcb\uC.SchDoc with C0402-100nF from robot-cortex.SchLib
Replace Part C6 C0402-100nF in D:\OcanathProj\PCB\robot-cortex-pcb\uC.SchDoc with C0402-100nF from robot-cortex.SchLib
Replace Part C7 C0402-100nF in D:\OcanathProj\PCB\robot-cortex-pcb\uC.SchDoc with C0402-100nF from robot-cortex.SchLib
Replace Part C25 C0402-100nF in D:\OcanathProj\PCB\robot-cortex-pcb\uC.SchDoc with C0402-100nF from robot-cortex.SchLib
Replace Part C26 C0402-100nF in D:\OcanathProj\PCB\robot-cortex-pcb\uC.SchDoc with C0402-100nF from robot-cortex.SchLib
Replace Part J2 53261-0271 in D:\OcanathProj\PCB\robot-cortex-pcb\uC.SchDoc with 53261-0271 from robot-cortex.SchLib
Replace Part J3 DUAL_PADS in D:\OcanathProj\PCB\robot-cortex-pcb\uC.SchDoc with DUAL_PADS from robot-cortex.SchLib
Replace Part J5 PAD-SINGLE in D:\OcanathProj\PCB\robot-cortex-pcb\uC.SchDoc with PAD-SINGLE from robot-cortex.SchLib
Replace Part J6 PAD-SINGLE in D:\OcanathProj\PCB\robot-cortex-pcb\uC.SchDoc with PAD-SINGLE from robot-cortex.SchLib
Replace Part J8 0532610471 in D:\OcanathProj\PCB\robot-cortex-pcb\uC.SchDoc with 0532610471 from robot-cortex.SchLib
Replace Part J9 PAD-SINGLE in D:\OcanathProj\PCB\robot-cortex-pcb\uC.SchDoc with PAD-SINGLE from robot-cortex.SchLib
Replace Part J10 PAD-SINGLE in D:\OcanathProj\PCB\robot-cortex-pcb\uC.SchDoc with PAD-SINGLE from robot-cortex.SchLib
Replace Part J11 PAD-SINGLE in D:\OcanathProj\PCB\robot-cortex-pcb\uC.SchDoc with PAD-SINGLE from robot-cortex.SchLib
Replace Part J12 PAD-SINGLE in D:\OcanathProj\PCB\robot-cortex-pcb\uC.SchDoc with PAD-SINGLE from robot-cortex.SchLib
Replace Part J13 PAD-SINGLE in D:\OcanathProj\PCB\robot-cortex-pcb\uC.SchDoc with PAD-SINGLE from robot-cortex.SchLib
Replace Part LED1 MSL0402RGBU in D:\OcanathProj\PCB\robot-cortex-pcb\uC.SchDoc with MSL0402RGBU from robot-cortex.SchLib
Replace Part R1 R-120-0402 in D:\OcanathProj\PCB\robot-cortex-pcb\uC.SchDoc with R-120-0402 from robot-cortex.SchLib
Replace Part R3 R-470-0402 in D:\OcanathProj\PCB\robot-cortex-pcb\uC.SchDoc with R-470-0402 from robot-cortex.SchLib
Replace Part R4 R-470-0402 in D:\OcanathProj\PCB\robot-cortex-pcb\uC.SchDoc with R-470-0402 from robot-cortex.SchLib
Replace Part R5 R-470-0402 in D:\OcanathProj\PCB\robot-cortex-pcb\uC.SchDoc with R-470-0402 from robot-cortex.SchLib
Replace Part U1 STM32F730R8T6 in D:\OcanathProj\PCB\robot-cortex-pcb\uC.SchDoc with STM32F730R8T6 from robot-cortex.SchLib
Replace Part U1 STM32F730R8T6 in D:\OcanathProj\PCB\robot-cortex-pcb\uC.SchDoc with STM32F730R8T6 from robot-cortex.SchLib
Replace Part U7 TCAN332 in D:\OcanathProj\PCB\robot-cortex-pcb\uC.SchDoc with TCAN332 from robot-cortex.SchLib
